2024-11-19 18:23:32 INFO  ConfigManager:49 - Configuration loaded for environment DEV
2024-11-19 18:28:38 INFO  ConfigManager:49 - Configuration loaded for environment DEV
2024-11-19 18:29:19 INFO  ConfigManager:49 - Configuration loaded for environment DEV
2024-11-19 18:32:10 INFO  ConfigManager:49 - Configuration loaded for environment DEV
2024-11-19 18:35:32 INFO  ConfigManager:49 - Configuration loaded for environment DEV
2024-11-19 18:36:50 INFO  ConfigManager:49 - Configuration loaded for environment DEV
2024-11-19 18:39:52 INFO  ConfigManager:49 - Configuration loaded for environment DEV
2024-11-19 18:42:33 INFO  ConfigManager:49 - Configuration loaded for environment DEV
2024-11-19 18:44:23 INFO  ConfigManager:49 - Configuration loaded for environment DEV
2024-11-19 18:46:47 INFO  ConfigManager:49 - Configuration loaded for environment DEV
2024-11-19 18:47:58 INFO  ConfigManager:49 - Configuration loaded for environment DEV
2024-11-19 18:49:03 INFO  ConfigManager:49 - Configuration loaded for environment DEV
2024-11-19 18:50:12 INFO  ConfigManager:49 - Configuration loaded for environment DEV
2024-11-19 19:13:58 INFO  ConfigManager:49 - Configuration loaded for environment DEV
2024-11-19 19:19:32 INFO  ConfigManager:49 - Configuration loaded for environment DEV
2024-11-19 19:19:41 INFO  BaseTest:32 - Started test with URL https://www.facebook.com/
2024-11-19 19:19:41 INFO  BaseTest:14 - Verifying that the browser is opened and we are navigating to correct URL.
2024-11-20 09:15:38 INFO  ConfigManager:49 - Configuration loaded for environment DEV
2024-11-20 09:15:50 INFO  BaseTest:32 - Started test with URL https://www.facebook.com/
2024-11-20 09:15:50 INFO  BaseTest:17 - Verifying that the browser is opened and we are navigating to correct URL.
2024-11-20 09:19:02 INFO  ConfigManager:49 - Configuration loaded for environment DEV
2024-11-20 09:19:08 INFO  BaseTest:32 - Started test with URL https://www.facebook.com/
2024-11-20 09:19:18 INFO  BaseTest:17 - Verifying that the browser is opened and we are navigating to correct URL.
2024-11-20 09:34:29 INFO  ConfigManager:49 - Configuration loaded for environment DEV
2024-11-20 09:34:34 INFO  BaseTest:32 - Started test with URL https://www.facebook.com/
2024-11-20 09:34:45 INFO  BaseTest:17 - Verifying that the browser is opened and we are navigating to correct URL.
2024-11-20 09:37:05 INFO  ConfigManager:49 - Configuration loaded for environment DEV
2024-11-20 09:37:10 INFO  BaseTest:32 - Started test with URL https://www.google.com/
2024-11-20 09:37:22 INFO  BaseTest:17 - Verifying that the browser is opened and we are navigating to correct URL.
2024-11-20 09:48:44 INFO  ConfigManager:49 - Configuration loaded for environment DEV
2024-11-20 09:48:48 INFO  BaseTest:32 - Started test with URL https://www.google.com/
2024-11-20 09:49:04 INFO  BaseTest:24 - Verifying that the browser is opened and we are navigating to correct URL.
2024-11-20 11:30:03 INFO  ConfigManager:49 - Configuration loaded for environment DEV
2024-11-20 11:30:14 INFO  ConfigManager:49 - Configuration loaded for environment DEV
2024-11-20 11:30:15 INFO  BaseTest:32 - Started test with URL https://www.google.com/
2024-11-20 11:30:22 INFO  BaseTest:32 - Started test with URL https://www.google.com/
2024-11-20 11:30:25 INFO  BaseTest:22 - Verifying that the browser is opened and we are navigating to correct URL.
2024-11-20 11:30:32 INFO  BaseTest:22 - Verifying that the browser is opened and we are navigating to correct URL.
2024-11-20 11:30:33 INFO  BaseTest:32 - Started test with URL https://www.google.com/
2024-11-20 11:30:38 INFO  BaseTest:32 - Started test with URL https://www.google.com/
2024-11-20 11:30:46 INFO  BaseTest:37 - Verifying that the browser is opened and we are navigating to correct URL.
2024-11-20 11:30:53 INFO  BaseTest:37 - Verifying that the browser is opened and we are navigating to correct URL.
2024-11-20 11:39:02 INFO  ConfigManager:49 - Configuration loaded for environment DEV
2024-11-20 11:39:09 INFO  BaseTest:32 - Started test with URL https://www.google.com/
2024-11-20 11:39:19 INFO  BaseTest:23 - Verifying that the browser is opened and we are navigating to correct URL.
2024-11-20 11:39:27 INFO  BaseTest:32 - Started test with URL https://www.google.com/
2024-11-20 11:39:40 INFO  BaseTest:39 - Verifying that the browser is opened and we are navigating to correct URL.
2024-11-20 11:40:13 INFO  ConfigManager:49 - Configuration loaded for environment DEV
2024-11-20 11:40:20 INFO  BaseTest:32 - Started test with URL https://www.google.com/
2024-11-20 11:40:30 INFO  BaseTest:23 - Verifying that the browser is opened and we are navigating to correct URL.
2024-11-20 11:40:35 INFO  BaseTest:32 - Started test with URL https://www.google.com/
2024-11-20 11:40:48 INFO  BaseTest:39 - Verifying that the browser is opened and we are navigating to correct URL.
2024-11-20 11:41:48 INFO  ConfigManager:49 - Configuration loaded for environment DEV
2024-11-20 11:41:55 INFO  BaseTest:32 - Started test with URL https://www.google.com/
2024-11-20 12:02:01 INFO  ConfigManager:49 - Configuration loaded for environment DEV
2024-11-20 12:02:09 INFO  BaseTest:32 - Started test with URL https://www.google.com/
2024-11-20 12:02:19 INFO  BaseTest:23 - Verifying that the browser is opened and we are navigating to correct URL.
2024-11-20 12:02:24 INFO  BaseTest:32 - Started test with URL https://www.google.com/
2024-11-20 12:02:43 INFO  BaseTest:40 - Verifying that the browser is opened and we are navigating to correct URL.
2024-11-20 17:52:51 INFO  ConfigManager:49 - Configuration loaded for environment DEV
2024-11-20 17:53:03 INFO  BaseTest:32 - Started test with URL https://www.facebook.com/
2024-11-20 17:54:43 INFO  ConfigManager:49 - Configuration loaded for environment DEV
2024-11-20 17:54:49 INFO  BaseTest:32 - Started test with URL https://www.facebook.com/
2024-11-27 10:53:18 INFO  ConfigManager:49 - Configuration loaded for environment DEV
2024-11-27 10:53:32 INFO  BaseTest:32 - Started test with URL https://www.amazon.com/
2024-12-03 08:22:56 INFO  ConfigManager:49 - Configuration loaded for environment DEV
2024-12-03 08:23:06 INFO  BaseTest:32 - Started test with URL https://www.amazon.com/
2024-12-03 08:25:33 INFO  ConfigManager:49 - Configuration loaded for environment DEV
2024-12-03 08:25:38 INFO  BaseTest:32 - Started test with URL https://www.amazon.com/
2024-12-03 08:26:06 INFO  ConfigManager:49 - Configuration loaded for environment DEV
2024-12-03 08:26:10 INFO  BaseTest:32 - Started test with URL https://www.amazon.com/
2024-12-03 08:26:36 INFO  ConfigManager:49 - Configuration loaded for environment DEV
2024-12-03 08:26:42 INFO  BaseTest:32 - Started test with URL https://www.amazon.com/
2024-12-03 09:19:50 INFO  ConfigManager:49 - Configuration loaded for environment DEV
2024-12-03 09:31:10 INFO  ConfigManager:49 - Configuration loaded for environment DEV
2024-12-03 09:31:18 INFO  ConfigManager:49 - Configuration loaded for environment DEV
2024-12-03 11:25:55 INFO  ConfigManager:49 - Configuration loaded for environment DEV
2024-12-03 11:26:02 INFO  BaseTest:32 - Started test with URL https://www.amazon.com/
2024-12-03 11:52:31 INFO  ConfigManager:49 - Configuration loaded for environment DEV
2024-12-03 11:52:37 INFO  BaseTest:32 - Started test with URL https://www.amazon.com/
2024-12-03 12:01:00 INFO  ConfigManager:49 - Configuration loaded for environment DEV
2024-12-03 12:01:05 INFO  BaseTest:32 - Started test with URL https://www.amazon.com/
2024-12-03 12:01:57 INFO  ConfigManager:49 - Configuration loaded for environment DEV
2024-12-03 12:02:01 INFO  BaseTest:32 - Started test with URL https://www.amazon.com/
2024-12-03 12:07:12 INFO  ConfigManager:49 - Configuration loaded for environment DEV
2024-12-03 12:07:16 INFO  BaseTest:32 - Started test with URL https://www.amazon.com/
2024-12-03 12:09:35 INFO  ConfigManager:49 - Configuration loaded for environment DEV
2024-12-03 12:09:40 INFO  BaseTest:32 - Started test with URL https://www.amazon.com/
2024-12-03 12:13:46 INFO  ConfigManager:49 - Configuration loaded for environment DEV
2024-12-03 12:13:52 INFO  BaseTest:32 - Started test with URL https://www.amazon.com/
2024-12-03 12:17:59 INFO  ConfigManager:49 - Configuration loaded for environment DEV
2024-12-03 12:18:04 INFO  BaseTest:32 - Started test with URL https://www.amazon.com/
2024-12-03 12:28:10 INFO  ConfigManager:49 - Configuration loaded for environment DEV
2024-12-03 12:28:16 INFO  BaseTest:32 - Started test with URL https://www.amazon.com/
2024-12-03 12:34:34 INFO  ConfigManager:49 - Configuration loaded for environment DEV
2024-12-03 12:34:39 INFO  BaseTest:32 - Started test with URL https://www.amazon.com/
2024-12-03 12:37:53 INFO  ConfigManager:49 - Configuration loaded for environment DEV
2024-12-03 12:37:57 INFO  BaseTest:32 - Started test with URL https://www.amazon.com/
2024-12-03 12:39:39 INFO  ConfigManager:49 - Configuration loaded for environment DEV
2024-12-03 12:39:43 INFO  BaseTest:32 - Started test with URL https://www.amazon.com/
2024-12-03 12:44:13 INFO  ConfigManager:49 - Configuration loaded for environment DEV
2024-12-03 12:44:17 INFO  BaseTest:32 - Started test with URL https://www.amazon.com/
2024-12-03 13:09:19 INFO  ConfigManager:49 - Configuration loaded for environment DEV
2024-12-03 13:09:23 INFO  BaseTest:32 - Started test with URL https://www.amazon.com/
2024-12-03 13:12:45 INFO  ConfigManager:49 - Configuration loaded for environment DEV
2024-12-03 13:12:49 INFO  BaseTest:32 - Started test with URL https://www.amazon.com/
2024-12-03 13:17:02 INFO  ConfigManager:49 - Configuration loaded for environment DEV
2024-12-03 13:17:06 INFO  BaseTest:32 - Started test with URL https://www.amazon.com/
2024-12-03 13:19:46 INFO  ConfigManager:49 - Configuration loaded for environment DEV
2024-12-03 13:19:50 INFO  BaseTest:32 - Started test with URL https://www.amazon.com/
2024-12-03 13:22:26 INFO  ConfigManager:49 - Configuration loaded for environment DEV
2024-12-03 13:22:30 INFO  BaseTest:32 - Started test with URL https://www.amazon.com/
2024-12-03 13:31:04 INFO  ConfigManager:49 - Configuration loaded for environment DEV
2024-12-03 13:31:10 INFO  BaseTest:32 - Started test with URL https://www.amazon.com/
2024-12-03 13:37:22 INFO  ConfigManager:49 - Configuration loaded for environment DEV
2024-12-03 13:37:27 INFO  BaseTest:32 - Started test with URL https://www.amazon.com/
2024-12-03 18:57:25 INFO  ConfigManager:49 - Configuration loaded for environment DEV
2024-12-03 18:57:31 INFO  BaseTest:32 - Started test with URL https://www.amazon.com/
